<?xml version="1.0" encoding="UTF-8"?>
<testng-results ignored="0" total="3" passed="3" failed="0" skipped="0">
  <reporter-output>
  </reporter-output>
  <suite started-at="2021-12-19T13:15:58 IST" name="weathershopperTestSuite" finished-at="2021-12-19T13:17:40 IST" duration-ms="101315">
    <groups>
    </groups>
    <test started-at="2021-12-19T13:15:58 IST" name="weathershopperTest2" finished-at="2021-12-19T13:17:05 IST" duration-ms="66123">
      <class name="com.flink.assignment.FlinkTest">
        <test-method signature="Test1(java.lang.String,java.lang.String)[pri:0, instance:com.flink.assignment.FlinkTest@28f2a10f]" started-at="2021-12-19T13:15:59 IST" name="Test1" finished-at="2021-12-19T13:17:05 IST" duration-ms="66039" status="PASS">
          <params>
            <param index="0">
              <value>
                <![CDATA[Chrome]]>
              </value>
            </param>
            <param index="1">
              <value>
                <![CDATA[https://weathershopper.pythonanywhere.com/]]>
              </value>
            </param>
          </params>
          <reporter-output>
          </reporter-output>
        </test-method> <!-- Test1 -->
      </class> <!-- com.flink.assignment.FlinkTest -->
    </test> <!-- weathershopperTest2 -->
    <test started-at="2021-12-19T13:15:58 IST" name="weathershopperTest1" finished-at="2021-12-19T13:17:05 IST" duration-ms="66114">
      <class name="com.flink.assignment.FlinkTest">
        <test-method signature="Test1(java.lang.String,java.lang.String)[pri:0, instance:com.flink.assignment.FlinkTest@41e1e210]" started-at="2021-12-19T13:15:59 IST" name="Test1" finished-at="2021-12-19T13:17:04 IST" duration-ms="65946" status="PASS">
          <params>
            <param index="0">
              <value>
                <![CDATA[Chrome]]>
              </value>
            </param>
            <param index="1">
              <value>
                <![CDATA[https://weathershopper.pythonanywhere.com/]]>
              </value>
            </param>
          </params>
          <reporter-output>
          </reporter-output>
        </test-method> <!-- Test1 -->
      </class> <!-- com.flink.assignment.FlinkTest -->
    </test> <!-- weathershopperTest1 -->
    <test started-at="2021-12-19T13:17:05 IST" name="weathershopperTest3" finished-at="2021-12-19T13:17:40 IST" duration-ms="34654">
      <class name="com.flink.assignment.FlinkTest">
        <test-method signature="Test1(java.lang.String,java.lang.String)[pri:0, instance:com.flink.assignment.FlinkTest@56cdfb3b]" started-at="2021-12-19T13:17:05 IST" name="Test1" finished-at="2021-12-19T13:17:40 IST" duration-ms="34639" status="PASS">
          <params>
            <param index="0">
              <value>
                <![CDATA[Chrome]]>
              </value>
            </param>
            <param index="1">
              <value>
                <![CDATA[https://weathershopper.pythonanywhere.com/]]>
              </value>
            </param>
          </params>
          <reporter-output>
          </reporter-output>
        </test-method> <!-- Test1 -->
      </class> <!-- com.flink.assignment.FlinkTest -->
    </test> <!-- weathershopperTest3 -->
  </suite> <!-- weathershopperTestSuite -->
</testng-results>
